{
  "stats": {
    "suites": 1,
    "tests": 1,
    "passes": 1,
    "pending": 0,
    "failures": 0,
    "start": "2024-04-24T22:42:16.499Z",
    "end": "2024-04-24T22:42:50.196Z",
    "duration": 33697,
    "testsRegistered": 1,
    "passPercent": 100,
    "pendingPercent": 0,
    "other": 0,
    "hasOther": false,
    "skipped": 0,
    "hasSkipped": false
  },
  "results": [
    {
      "uuid": "2fb113fb-311e-4e29-ab70-95fef4f12e45",
      "title": "",
      "fullFile": "cypress\\e2e\\specs\\loginSpec.cy.js",
      "file": "cypress\\e2e\\specs\\loginSpec.cy.js",
      "beforeHooks": [],
      "afterHooks": [],
      "tests": [],
      "suites": [
        {
          "uuid": "d0ceb837-9a30-482a-bc1c-abe53e06e557",
          "title": "User Login",
          "fullFile": "",
          "file": "",
          "beforeHooks": [],
          "afterHooks": [],
          "tests": [
            {
              "title": "Tc_01_Verify login success message when user login with valid credentails",
              "fullTitle": "User Login Tc_01_Verify login success message when user login with valid credentails",
              "timedOut": null,
              "duration": 20190,
              "state": "passed",
              "speed": "slow",
              "pass": true,
              "fail": false,
              "pending": false,
              "context": "[\n  {\n    \"title\": \"cypress-mochawesome-reporter-screenshots\",\n    \"value\": [\n      []\n    ]\n  },\n  \"'login successfull'\",\n  \"assets/loginSpec.cy.js/User Login.png\"\n]",
              "code": "cy.openURL();\nhome.clickOnAccountIcon();\nhome.clickOnUserLogin();\nlogin.loginAndVerifySuccess(data.emailID, data.password);\ncy.addTestContext(\"'login successfull'\");",
              "err": {},
              "uuid": "e9d639e7-eeec-49c9-85b5-69e899d63be2",
              "parentUUID": "d0ceb837-9a30-482a-bc1c-abe53e06e557",
              "isHook": false,
              "skipped": false
            }
          ],
          "suites": [],
          "passes": [
            "e9d639e7-eeec-49c9-85b5-69e899d63be2"
          ],
          "failures": [],
          "pending": [],
          "skipped": [],
          "duration": 20190,
          "root": false,
          "rootEmpty": false,
          "_timeout": 2000
        }
      ],
      "passes": [],
      "failures": [],
      "pending": [],
      "skipped": [],
      "duration": 0,
      "root": true,
      "rootEmpty": true,
      "_timeout": 2000
    }
  ],
  "meta": {
    "mocha": {
      "version": "7.0.1"
    },
    "mochawesome": {
      "options": {
        "quiet": false,
        "reportFilename": "mochawesome",
        "saveHtml": false,
        "saveJson": true,
        "consoleReporter": "spec",
        "useInlineDiffs": false,
        "code": true
      },
      "version": "7.1.3"
    },
    "marge": {
      "options": {
        "videoOnFailOnly": true,
        "embeddedScreenshots": true,
        "overwrite": false,
        "html": false,
        "json": true,
        "reportDir": "cypress\\reports\\html\\.jsons"
      },
      "version": "6.2.0"
    }
  }
}