{
  "stats": {
    "suites": 1,
    "tests": 1,
    "passes": 0,
    "pending": 0,
    "failures": 1,
    "start": "2024-04-24T22:40:16.766Z",
    "end": "2024-04-24T22:41:55.411Z",
    "duration": 98645,
    "testsRegistered": 1,
    "passPercent": 0,
    "pendingPercent": 0,
    "other": 0,
    "hasOther": false,
    "skipped": 0,
    "hasSkipped": false
  },
  "results": [
    {
      "uuid": "8bedf7cd-c36e-4820-b3bc-5b967391070f",
      "title": "",
      "fullFile": "cypress\\e2e\\specs\\checkOutSpec.cy.js",
      "file": "cypress\\e2e\\specs\\checkOutSpec.cy.js",
      "beforeHooks": [],
      "afterHooks": [],
      "tests": [],
      "suites": [
        {
          "uuid": "dce6df19-cb62-4598-9e91-e816df7cf9c6",
          "title": "Checkout Process:",
          "fullFile": "",
          "file": "",
          "beforeHooks": [],
          "afterHooks": [],
          "tests": [
            {
              "title": "Tc_06_Verifies functionality of checkout process",
              "fullTitle": "Checkout Process: Tc_06_Verifies functionality of checkout process",
              "timedOut": null,
              "duration": 30988,
              "state": "failed",
              "speed": null,
              "pass": false,
              "fail": true,
              "pending": false,
              "context": "[\n  {\n    \"title\": \"cypress-mochawesome-reporter-screenshots\",\n    \"value\": [\n      [\n        \"\\\\checkOutSpec.cy.js\\\\Checkout Process -- Tc_06_Verifies functionality of checkout process (failed).png\"\n      ],\n      [\n        \"\\\\checkOutSpec.cy.js\\\\Checkout Process -- Tc_06_Verifies functionality of checkout process (failed) (attempt 2).png\"\n      ],\n      [\n        \"\\\\checkOutSpec.cy.js\\\\Checkout Process -- Tc_06_Verifies functionality of checkout process (failed) (attempt 3).png\"\n      ]\n    ]\n  },\n  \"assets/checkOutSpec.cy.js/Checkout Process: -- Tc_06_Verifies functionality of checkout process (failed) (attempt 2).png\"\n]",
              "code": "addcart.emptyCart(data.productRemovedSuccessMsg);\nsearchResult.verifySearchedProductName(data.fullProductName);\naddcart.addToCartNVerifyCartDetails();\naddcart.clickAddToCart();\ncheckOut.clickOnExpressCheckout();\ncheckOut.enterContactDetailsNSaveAddress(data);\ncheckOut.verifyCartSummary(data);\ncheckOut.clickOnProceedToPayment();",
              "err": {
                "message": "AssertionError: Timed out retrying after 6000ms: Expected to find element: `.product-thumb`, but never found it.",
                "estack": "AssertionError: Timed out retrying after 6000ms: Expected to find element: `.product-thumb`, but never found it.\n    at SearchResultAction.searchProduct (webpack://cypressautomation/./cypress/e2e/Pages/PageActions/SearchResultAction.js:7:35)\n    at SearchResultAction.verifySearchedProductName (webpack://cypressautomation/./cypress/e2e/Pages/PageActions/SearchResultAction.js:11:9)\n    at Context.eval (webpack://cypressautomation/./cypress/e2e/specs/checkOutSpec.cy.js:25:21)\n    at runnable.fn (https://www.momeaze.com/__cypress/runner/cypress_runner.js:138654:19)\n    at callFn (https://www.momeaze.com/__cypress/runner/cypress_runner.js:157265:21)\n    at Runnable.run (https://www.momeaze.com/__cypress/runner/cypress_runner.js:157252:7)\n    at <unknown> (https://www.momeaze.com/__cypress/runner/cypress_runner.js:163176:30)\n    at PassThroughHandlerContext.finallyHandler (https://www.momeaze.com/__cypress/runner/cypress_runner.js:4072:23)",
                "diff": null
              },
              "uuid": "cc49d594-197d-4898-aa67-b35fb3a06fbe",
              "parentUUID": "dce6df19-cb62-4598-9e91-e816df7cf9c6",
              "isHook": false,
              "skipped": false
            }
          ],
          "suites": [],
          "passes": [],
          "failures": [
            "cc49d594-197d-4898-aa67-b35fb3a06fbe"
          ],
          "pending": [],
          "skipped": [],
          "duration": 30988,
          "root": false,
          "rootEmpty": false,
          "_timeout": 2000
        }
      ],
      "passes": [],
      "failures": [],
      "pending": [],
      "skipped": [],
      "duration": 0,
      "root": true,
      "rootEmpty": true,
      "_timeout": 2000
    }
  ],
  "meta": {
    "mocha": {
      "version": "7.0.1"
    },
    "mochawesome": {
      "options": {
        "quiet": false,
        "reportFilename": "mochawesome",
        "saveHtml": false,
        "saveJson": true,
        "consoleReporter": "spec",
        "useInlineDiffs": false,
        "code": true
      },
      "version": "7.1.3"
    },
    "marge": {
      "options": {
        "videoOnFailOnly": true,
        "embeddedScreenshots": true,
        "overwrite": false,
        "html": false,
        "json": true,
        "reportDir": "cypress\\reports\\html\\.jsons"
      },
      "version": "6.2.0"
    }
  }
}